<?xml version="1.0" encoding="UTF-8"?>
<!-- Generated by org.testng.reporters.JUnitXMLReporter -->
<testsuite hostname="DESKTOP-TF1BFSK" failures="1" tests="1" name="FlyCartTests(failed)(failed)" time="144.949" errors="0" timestamp="1 Jul 2021 10:07:20 GMT">
  <testcase classname="TestScenario.ValidateFlyCartPage" name="TC_ValidateFlyCartwithProductsInIt" time="119.025">
    <failure type="java.lang.Exception" message="Quantity not increased by 1">
      <![CDATA[java.lang.Exception: Quantity not increased by 1
	at com.tommyjohn.automation.Components.FlyCartComponents.validateNonEmptyFlyCart(FlyCartComponents.java:322)
	at com.tommyjohn.automation.Pages.FlyCartPage.validateAllFieldsOnNonEmptyFlyCart(FlyCartPage.java:25)
	at TestScenario.ValidateFlyCartPage.TC_ValidateFlyCartwithProductsInIt(ValidateFlyCartPage.java:45)
... Removed 24 stack frames]]>
    </failure>
  </testcase> <!-- TC_ValidateFlyCartwithProductsInIt -->
</testsuite> <!-- FlyCartTests(failed)(failed) -->
