<?xml version="1.0" encoding="UTF-8"?>
<!-- Generated by org.testng.reporters.JUnitXMLReporter -->
<testsuite hostname="DESKTOP-TF1BFSK" failures="1" tests="1" name="RatingandReviews(failed)(failed)" time="21.46" errors="0" timestamp="30 Jun 2021 08:09:07 GMT">
  <testcase classname="TestScenario.ValidateRatingReviews" name="TC_verifyRatingAndReviews" time="8.873">
    <failure type="java.lang.NullPointerException">
      <![CDATA[java.lang.NullPointerException
	at com.tommyjohn.automation.Components.RatingReviewsComponents.navigateToAllUnderwearInMenCategory(RatingReviewsComponents.java:77)
	at com.tommyjohn.automation.Pages.RatingAndReviewPage.verifyRatingAndReviews(RatingAndReviewPage.java:17)
	at TestScenario.ValidateRatingReviews.TC_verifyRatingAndReviews(ValidateRatingReviews.java:29)
... Removed 24 stack frames]]>
    </failure>
  </testcase> <!-- TC_verifyRatingAndReviews -->
</testsuite> <!-- RatingandReviews(failed)(failed) -->
