<?xml version="1.0" encoding="UTF-8"?>
<!-- Generated by org.testng.reporters.JUnitXMLReporter -->
<testsuite hostname="DESKTOP-TF1BFSK" failures="0" tests="2" name="SingleCollectionTests(failed)(failed)" time="129.202" errors="0" timestamp="1 Jul 2021 10:14:56 GMT">
  <testcase classname="TestScenario.ValidateSingleCollectionPages" name="TC_ValidateProductImageOnSecondSkinInMenCategory" time="47.52"/>
  <testcase classname="TestScenario.ValidateSingleCollectionPages" name="TC_ValidateProductNameOnCoolCottonInMenCategory" time="52.725"/>
</testsuite> <!-- SingleCollectionTests(failed)(failed) -->
