<?xml version="1.0" encoding="UTF-8"?>
<!-- Generated by org.testng.reporters.JUnitXMLReporter -->
<testsuite hostname="DESKTOP-TF1BFSK" failures="0" tests="2" name="AccountLoginAndCreationTests" time="79.943" errors="0" timestamp="2 Jul 2021 06:32:42 GMT">
  <testcase classname="TestScenario.ValidateAccountLoginFunctionality" name="TC_VerifyCreateAccount" time="27.733"/>
  <testcase classname="TestScenario.ValidateAccountLoginFunctionality" name="TC_VerifyAccountLogin" time="25.077"/>
</testsuite> <!-- AccountLoginAndCreationTests -->
