<?xml version="1.0" encoding="UTF-8"?>
<!-- Generated by org.testng.reporters.JUnitXMLReporter -->
<testsuite hostname="DESKTOP-TF1BFSK" failures="0" tests="5" name="Checkout Tests" time="771.273" errors="0" timestamp="2 Jul 2021 06:50:12 GMT">
  <testcase classname="TestScenario.ValidateCheckoutPage" name="ValidateGuestCheckoutFlow" time="115.035"/>
  <testcase classname="TestScenario.ValidateCheckoutPage" name="ValidateInformationPageOfCheckout" time="113.252"/>
  <testcase classname="TestScenario.ValidateCheckoutPage" name="ValidatePaymentPageOfCheckout" time="160.598"/>
  <testcase classname="TestScenario.ValidateCheckoutPage" name="ValidateRegisteredUserCheckoutFlow" time="117.264"/>
  <testcase classname="TestScenario.ValidateCheckoutPage" name="ValidateShippingPageOfCheckout" time="125.675"/>
</testsuite> <!-- Checkout Tests -->
