<?xml version="1.0" encoding="UTF-8"?>
<!-- Generated by org.testng.reporters.JUnitXMLReporter -->
<testsuite hostname="DESKTOP-TF1BFSK" failures="0" tests="2" name="FlyCartTests" time="143.956" errors="0" timestamp="2 Jul 2021 06:35:06 GMT">
  <testcase classname="TestScenario.ValidateFlyCartPage" name="TC_ValidateFlyCartOpenedWithQSandPDP" time="54.163"/>
  <testcase classname="TestScenario.ValidateFlyCartPage" name="TC_ValidateEmptyFlyCart" time="38.682"/>
</testsuite> <!-- FlyCartTests -->
