<?xml version="1.0" encoding="UTF-8"?>
<!-- Generated by org.testng.reporters.JUnitXMLReporter -->
<testsuite hostname="DESKTOP-TF1BFSK" failures="0" tests="3" name="HomePageTests" time="449.473" errors="0" timestamp="2 Jul 2021 06:31:22 GMT">
  <testcase classname="TestScenario.ValidateHomePage" name="TC_verifyAccountdropdownOnHomePage" time="52.679"/>
  <testcase classname="TestScenario.ValidateHomePage" name="TC_verifyAccountAndCartIconOnHomePage" time="54.461"/>
  <testcase classname="TestScenario.ValidateHomePage" name="TC_ValidateSearchFunctionality" time="253.999"/>
</testsuite> <!-- HomePageTests -->
