<?xml version="1.0" encoding="UTF-8"?>
<!-- Generated by org.testng.reporters.JUnitXMLReporter -->
<testsuite hostname="DESKTOP-TF1BFSK" failures="0" tests="2" name="MegaCollectionTests" time="116.786" errors="0" timestamp="2 Jul 2021 06:57:41 GMT">
  <testcase classname="TestScenario.ValidateMegaCollectionPages" name="TC_ValidateProductImageOnAllPantiesInWomenCategory" time="71.894"/>
  <testcase classname="TestScenario.ValidateMegaCollectionPages" name="TC_ValidateColorSwatchOnAllUndershirts" time="18.482"/>
</testsuite> <!-- MegaCollectionTests -->
