<?xml version="1.0" encoding="UTF-8"?>
<!-- Generated by org.testng.reporters.JUnitXMLReporter -->
<testsuite hostname="DESKTOP-TF1BFSK" failures="0" tests="2" name="NavigationFlow" time="57.472" errors="0" timestamp="2 Jul 2021 06:23:53 GMT">
  <testcase classname="TestScenario.ValidateNavigationFlow" name="Validate_Men_Underwear_BoxerBrief" time="16.57"/>
  <testcase classname="TestScenario.ValidateNavigationFlow" name="Validate_Women_Underwear_Cheeky" time="19.96"/>
</testsuite> <!-- NavigationFlow -->
