<?xml version="1.0" encoding="UTF-8"?>
<!-- Generated by org.testng.reporters.JUnitXMLReporter -->
<testsuite hostname="DESKTOP-TF1BFSK" failures="0" tests="2" name="ProductPageTests" time="101.796" errors="0" timestamp="2 Jul 2021 06:59:23 GMT">
  <testcase classname="TestScenario.ValidateProductDetailsPage" name="TC_verifyProductDetailsPage" time="41.518"/>
  <testcase classname="TestScenario.ValidateProductDetailsPage" name="TC_VerifyJoinTheWaitlistFunctionality" time="25.248"/>
</testsuite> <!-- ProductPageTests -->
