<?xml version="1.0" encoding="UTF-8"?>
<!-- Generated by org.testng.reporters.JUnitXMLReporter -->
<testsuite hostname="DESKTOP-TF1BFSK" failures="0" tests="4" name="SingleCollectionTests" time="276.038" errors="0" timestamp="2 Jul 2021 06:55:45 GMT">
  <testcase classname="TestScenario.ValidateSingleCollectionPages" name="TC_ValidateProductImageOnSecondSkinInMenCategory" time="48.282"/>
  <testcase classname="TestScenario.ValidateSingleCollectionPages" name="TC_ValidateProductNameOnCoolCottonInMenCategory" time="40.774"/>
  <testcase classname="TestScenario.ValidateSingleCollectionPages" name="TC_ValidateFiltersAndSortingOnAllWomensPacksInPacksCategory" time="101.521"/>
  <testcase classname="TestScenario.ValidateSingleCollectionPages" name="TC_ValidateColorSwatchOnSecondSkin" time="21.93"/>
</testsuite> <!-- SingleCollectionTests -->
