<?xml version="1.0" encoding="UTF-8"?>
<!-- Generated by org.testng.reporters.JUnitXMLReporter -->
<testsuite hostname="DESKTOP-TF1BFSK" failures="0" tests="2" name="SizeGuideTests" time="106.36" errors="0" timestamp="2 Jul 2021 07:03:19 GMT">
  <testcase classname="TestScenario.ValidateSizeGuide" name="TC_verifyMenUnderwearSizeGuidePage" time="34.115"/>
  <testcase classname="TestScenario.ValidateSizeGuide" name="TC_verifyWomenUnderwearSizeGuidePage" time="37.769"/>
</testsuite> <!-- SizeGuideTests -->
