<?xml version="1.0" encoding="UTF-8"?>
<!-- Generated by org.testng.reporters.JUnitXMLReporter -->
<testsuite hostname="DESKTOP-TF1BFSK" failures="0" tests="2" name="WriteAReview" time="87.834" errors="0" timestamp="2 Jul 2021 06:22:55 GMT">
  <testcase classname="TestScenario.ValidateWriteAReview" name="TC_verifyWriteAReview" time="23.486"/>
  <testcase classname="TestScenario.ValidateWriteAReview" name="TC_verifyWriteAReviewFieldValidation" time="27.741"/>
</testsuite> <!-- WriteAReview -->
