<?xml version="1.0" encoding="UTF-8"?>
<!-- Generated by org.testng.reporters.JUnitXMLReporter -->
<testsuite hostname="DESKTOP-TF1BFSK" failures="1" tests="1" name="FlyCartTests(failed)" time="202.226" errors="0" timestamp="1 Jul 2021 12:01:15 GMT">
  <testcase classname="TestScenario.ValidateFlyCartPage" name="TC_ValidateFlyCartwithProductsInIt" time="181.89">
    <failure type="java.lang.AssertionError" message="The following asserts failed:
Color and size is mismatch from PDP and Cart">
      <![CDATA[java.lang.AssertionError: The following asserts failed:
Color and size is mismatch from PDP and Cart
	at com.tommyjohn.automation.Components.FlyCartComponents.giftWrap(FlyCartComponents.java:452)
	at com.tommyjohn.automation.Components.FlyCartComponents.validateNonEmptyFlyCart(FlyCartComponents.java:364)
	at com.tommyjohn.automation.Pages.FlyCartPage.validateAllFieldsOnNonEmptyFlyCart(FlyCartPage.java:25)
	at TestScenario.ValidateFlyCartPage.TC_ValidateFlyCartwithProductsInIt(ValidateFlyCartPage.java:45)
... Removed 25 stack frames]]>
    </failure>
  </testcase> <!-- TC_ValidateFlyCartwithProductsInIt -->
</testsuite> <!-- FlyCartTests(failed) -->
