<?xml version="1.0" encoding="UTF-8"?>
<!-- Generated by org.testng.reporters.JUnitXMLReporter -->
<testsuite hostname="DESKTOP-TF1BFSK" failures="1" tests="1" name="GiftCardPageTests(failed)(failed)(failed)" time="34.809" errors="0" timestamp="1 Jul 2021 10:50:49 GMT">
  <testcase classname="TestScenario.ValidateGiftCardFunctionality" name="ValidateGiftCardFlow" time="25.859">
    <failure type="java.time.format.DateTimeParseException" message="Text &amp;apos;&amp;apos; could not be parsed at index 0">
      <![CDATA[java.time.format.DateTimeParseException: Text '' could not be parsed at index 0
	at java.base/java.time.format.DateTimeFormatter.parseResolved0(DateTimeFormatter.java:2049)
	at java.base/java.time.format.DateTimeFormatter.parse(DateTimeFormatter.java:1951)
	at java.base/java.time.LocalDate.parse(LocalDate.java:428)
	at com.tommyjohn.automation.Components.GiftCard_PageComponents.GoToOnGiftCardPage(GiftCard_PageComponents.java:133)
	at com.tommyjohn.automation.Pages.GiftCard_Page.giftCardPageCheck(GiftCard_Page.java:16)
	at TestScenario.ValidateGiftCardFunctionality.ValidateGiftCardFlow(ValidateGiftCardFunctionality.java:30)
... Removed 24 stack frames]]>
    </failure>
  </testcase> <!-- ValidateGiftCardFlow -->
</testsuite> <!-- GiftCardPageTests(failed)(failed)(failed) -->
